2024-10-31 01:10:12,393 - polygon_api_logger - INFO - Successfully fetched latest price for LUXHP: 14.08
2024-10-31 01:10:12,393 - polygon_api_logger - INFO - Successfully fetched latest price for LUXHP: 14.08
2024-10-31 01:10:12,393 - polygon_api_logger - INFO - Successfully fetched latest price for LUXHP: 14.08
2024-10-31 01:10:12,802 - polygon_api_logger - INFO - Successfully fetched RSI for LUXHP: 46.00
2024-10-31 01:10:12,802 - polygon_api_logger - INFO - Successfully fetched RSI for LUXHP: 46.00
2024-10-31 01:10:12,802 - polygon_api_logger - INFO - Successfully fetched RSI for LUXHP: 46.00
2024-10-31 01:10:12,988 - polygon_api_logger - INFO - Successfully fetched MACD for LUXHP: {'macd': -0.1640364950994666, 'signal': -0.1791291603693774, 'histogram': 0.015092665269910793}
2024-10-31 01:10:12,988 - polygon_api_logger - INFO - Successfully fetched MACD for LUXHP: {'macd': -0.1640364950994666, 'signal': -0.1791291603693774, 'histogram': 0.015092665269910793}
2024-10-31 01:10:12,988 - polygon_api_logger - INFO - Successfully fetched MACD for LUXHP: {'macd': -0.1640364950994666, 'signal': -0.1791291603693774, 'histogram': 0.015092665269910793}
2024-10-31 01:10:13,190 - polygon_api_logger - INFO - Successfully fetched latest price for CLOE: 12.5
2024-10-31 01:10:13,190 - polygon_api_logger - INFO - Successfully fetched latest price for CLOE: 12.5
2024-10-31 01:10:13,190 - polygon_api_logger - INFO - Successfully fetched latest price for CLOE: 12.5
2024-10-31 01:10:13,605 - polygon_api_logger - INFO - Successfully fetched RSI for CLOE: 57.43
2024-10-31 01:10:13,605 - polygon_api_logger - INFO - Successfully fetched RSI for CLOE: 57.43
2024-10-31 01:10:13,605 - polygon_api_logger - INFO - Successfully fetched RSI for CLOE: 57.43
2024-10-31 01:10:13,790 - polygon_api_logger - INFO - Successfully fetched MACD for CLOE: {'macd': 0.062302006429904466, 'signal': 0.046373978485361705, 'histogram': 0.01592802794454276}
2024-10-31 01:10:13,790 - polygon_api_logger - INFO - Successfully fetched MACD for CLOE: {'macd': 0.062302006429904466, 'signal': 0.046373978485361705, 'histogram': 0.01592802794454276}
2024-10-31 01:10:13,790 - polygon_api_logger - INFO - Successfully fetched MACD for CLOE: {'macd': 0.062302006429904466, 'signal': 0.046373978485361705, 'histogram': 0.01592802794454276}
2024-10-31 01:10:13,991 - polygon_api_logger - INFO - Successfully fetched latest price for WHLRD: 26.3
2024-10-31 01:10:13,991 - polygon_api_logger - INFO - Successfully fetched latest price for WHLRD: 26.3
2024-10-31 01:10:13,991 - polygon_api_logger - INFO - Successfully fetched latest price for WHLRD: 26.3
2024-10-31 01:10:14,430 - polygon_api_logger - INFO - Successfully fetched RSI for WHLRD: 76.93
2024-10-31 01:10:14,430 - polygon_api_logger - INFO - Successfully fetched RSI for WHLRD: 76.93
2024-10-31 01:10:14,430 - polygon_api_logger - INFO - Successfully fetched RSI for WHLRD: 76.93
2024-10-31 01:10:14,647 - polygon_api_logger - INFO - Successfully fetched MACD for WHLRD: {'macd': 1.3469946696175654, 'signal': 1.3875213394325585, 'histogram': -0.04052666981499309}
2024-10-31 01:10:14,647 - polygon_api_logger - INFO - Successfully fetched MACD for WHLRD: {'macd': 1.3469946696175654, 'signal': 1.3875213394325585, 'histogram': -0.04052666981499309}
2024-10-31 01:10:14,647 - polygon_api_logger - INFO - Successfully fetched MACD for WHLRD: {'macd': 1.3469946696175654, 'signal': 1.3875213394325585, 'histogram': -0.04052666981499309}
2024-10-31 01:10:14,828 - polygon_api_logger - INFO - Successfully fetched latest price for CATC: 73.59
2024-10-31 01:10:14,828 - polygon_api_logger - INFO - Successfully fetched latest price for CATC: 73.59
2024-10-31 01:10:14,828 - polygon_api_logger - INFO - Successfully fetched latest price for CATC: 73.59
2024-10-31 01:10:15,250 - polygon_api_logger - INFO - Successfully fetched RSI for CATC: 69.66
2024-10-31 01:10:15,250 - polygon_api_logger - INFO - Successfully fetched RSI for CATC: 69.66
2024-10-31 01:10:15,250 - polygon_api_logger - INFO - Successfully fetched RSI for CATC: 69.66
2024-10-31 01:10:15,436 - polygon_api_logger - INFO - Successfully fetched MACD for CATC: {'macd': 1.7016918136051942, 'signal': 0.9812155210288631, 'histogram': 0.7204762925763311}
2024-10-31 01:10:15,436 - polygon_api_logger - INFO - Successfully fetched MACD for CATC: {'macd': 1.7016918136051942, 'signal': 0.9812155210288631, 'histogram': 0.7204762925763311}
2024-10-31 01:10:15,436 - polygon_api_logger - INFO - Successfully fetched MACD for CATC: {'macd': 1.7016918136051942, 'signal': 0.9812155210288631, 'histogram': 0.7204762925763311}
2024-10-31 01:10:15,641 - polygon_api_logger - INFO - Successfully fetched latest price for SOHOB: 18.62
2024-10-31 01:10:15,641 - polygon_api_logger - INFO - Successfully fetched latest price for SOHOB: 18.62
2024-10-31 01:10:15,641 - polygon_api_logger - INFO - Successfully fetched latest price for SOHOB: 18.62
2024-10-31 01:10:16,068 - polygon_api_logger - INFO - Successfully fetched RSI for SOHOB: 61.13
2024-10-31 01:10:16,068 - polygon_api_logger - INFO - Successfully fetched RSI for SOHOB: 61.13
2024-10-31 01:10:16,068 - polygon_api_logger - INFO - Successfully fetched RSI for SOHOB: 61.13
2024-10-31 01:10:16,243 - polygon_api_logger - INFO - Successfully fetched MACD for SOHOB: {'macd': 0.07648218048221622, 'signal': 0.03769070935455317, 'histogram': 0.038791471127663055}
2024-10-31 01:10:16,243 - polygon_api_logger - INFO - Successfully fetched MACD for SOHOB: {'macd': 0.07648218048221622, 'signal': 0.03769070935455317, 'histogram': 0.038791471127663055}
2024-10-31 01:10:16,243 - polygon_api_logger - INFO - Successfully fetched MACD for SOHOB: {'macd': 0.07648218048221622, 'signal': 0.03769070935455317, 'histogram': 0.038791471127663055}
2024-10-31 01:10:16,412 - polygon_api_logger - INFO - Successfully fetched latest price for SOHOO: 18.1
2024-10-31 01:10:16,412 - polygon_api_logger - INFO - Successfully fetched latest price for SOHOO: 18.1
2024-10-31 01:10:16,412 - polygon_api_logger - INFO - Successfully fetched latest price for SOHOO: 18.1
2024-10-31 01:10:16,887 - polygon_api_logger - INFO - Successfully fetched RSI for SOHOO: 48.09
2024-10-31 01:10:16,887 - polygon_api_logger - INFO - Successfully fetched RSI for SOHOO: 48.09
2024-10-31 01:10:16,887 - polygon_api_logger - INFO - Successfully fetched RSI for SOHOO: 48.09
2024-10-31 01:10:17,068 - polygon_api_logger - INFO - Successfully fetched MACD for SOHOO: {'macd': -0.011514740785909083, 'signal': -0.037879239484264214, 'histogram': 0.02636449869835513}
2024-10-31 01:10:17,068 - polygon_api_logger - INFO - Successfully fetched MACD for SOHOO: {'macd': -0.011514740785909083, 'signal': -0.037879239484264214, 'histogram': 0.02636449869835513}
2024-10-31 01:10:17,068 - polygon_api_logger - INFO - Successfully fetched MACD for SOHOO: {'macd': -0.011514740785909083, 'signal': -0.037879239484264214, 'histogram': 0.02636449869835513}
2024-10-31 01:10:17,267 - polygon_api_logger - INFO - Successfully fetched latest price for SOHON: 18.64
2024-10-31 01:10:17,267 - polygon_api_logger - INFO - Successfully fetched latest price for SOHON: 18.64
2024-10-31 01:10:17,267 - polygon_api_logger - INFO - Successfully fetched latest price for SOHON: 18.64
2024-10-31 01:10:17,704 - polygon_api_logger - INFO - Successfully fetched RSI for SOHON: 55.51
2024-10-31 01:10:17,704 - polygon_api_logger - INFO - Successfully fetched RSI for SOHON: 55.51
2024-10-31 01:10:17,704 - polygon_api_logger - INFO - Successfully fetched RSI for SOHON: 55.51
2024-10-31 01:10:17,911 - polygon_api_logger - INFO - Successfully fetched MACD for SOHON: {'macd': 0.06265515371319452, 'signal': 0.026724477669997665, 'histogram': 0.03593067604319686}
2024-10-31 01:10:17,911 - polygon_api_logger - INFO - Successfully fetched MACD for SOHON: {'macd': 0.06265515371319452, 'signal': 0.026724477669997665, 'histogram': 0.03593067604319686}
2024-10-31 01:10:17,911 - polygon_api_logger - INFO - Successfully fetched MACD for SOHON: {'macd': 0.06265515371319452, 'signal': 0.026724477669997665, 'histogram': 0.03593067604319686}
2024-10-31 01:10:18,114 - polygon_api_logger - INFO - Successfully fetched latest price for FGFPP: 14.9715
2024-10-31 01:10:18,114 - polygon_api_logger - INFO - Successfully fetched latest price for FGFPP: 14.9715
2024-10-31 01:10:18,114 - polygon_api_logger - INFO - Successfully fetched latest price for FGFPP: 14.9715
2024-10-31 01:10:18,545 - polygon_api_logger - INFO - Successfully fetched RSI for FGFPP: 51.24
2024-10-31 01:10:18,545 - polygon_api_logger - INFO - Successfully fetched RSI for FGFPP: 51.24
2024-10-31 01:10:18,545 - polygon_api_logger - INFO - Successfully fetched RSI for FGFPP: 51.24
2024-10-31 01:10:18,726 - polygon_api_logger - INFO - Successfully fetched MACD for FGFPP: {'macd': 0.012534799142779107, 'signal': 0.006490074710966373, 'histogram': 0.0060447244318127345}
2024-10-31 01:10:18,726 - polygon_api_logger - INFO - Successfully fetched MACD for FGFPP: {'macd': 0.012534799142779107, 'signal': 0.006490074710966373, 'histogram': 0.0060447244318127345}
2024-10-31 01:10:18,726 - polygon_api_logger - INFO - Successfully fetched MACD for FGFPP: {'macd': 0.012534799142779107, 'signal': 0.006490074710966373, 'histogram': 0.0060447244318127345}
2024-10-31 01:10:18,928 - polygon_api_logger - INFO - Successfully fetched latest price for GEGGL: 24.2
2024-10-31 01:10:18,928 - polygon_api_logger - INFO - Successfully fetched latest price for GEGGL: 24.2
2024-10-31 01:10:18,928 - polygon_api_logger - INFO - Successfully fetched latest price for GEGGL: 24.2
2024-10-31 01:10:19,355 - polygon_api_logger - INFO - Successfully fetched RSI for GEGGL: 55.02
2024-10-31 01:10:19,355 - polygon_api_logger - INFO - Successfully fetched RSI for GEGGL: 55.02
2024-10-31 01:10:19,355 - polygon_api_logger - INFO - Successfully fetched RSI for GEGGL: 55.02
2024-10-31 01:10:19,542 - polygon_api_logger - INFO - Successfully fetched MACD for GEGGL: {'macd': 0.16500539574375495, 'signal': 0.14314445259135236, 'histogram': 0.021860943152402584}
2024-10-31 01:10:19,542 - polygon_api_logger - INFO - Successfully fetched MACD for GEGGL: {'macd': 0.16500539574375495, 'signal': 0.14314445259135236, 'histogram': 0.021860943152402584}
2024-10-31 01:10:19,542 - polygon_api_logger - INFO - Successfully fetched MACD for GEGGL: {'macd': 0.16500539574375495, 'signal': 0.14314445259135236, 'histogram': 0.021860943152402584}
2024-10-31 01:10:19,715 - polygon_api_logger - INFO - Successfully fetched latest price for FOSLL: 13.74
2024-10-31 01:10:19,715 - polygon_api_logger - INFO - Successfully fetched latest price for FOSLL: 13.74
2024-10-31 01:10:19,715 - polygon_api_logger - INFO - Successfully fetched latest price for FOSLL: 13.74
2024-10-31 01:10:20,112 - polygon_api_logger - INFO - Successfully fetched RSI for FOSLL: 50.21
2024-10-31 01:10:20,112 - polygon_api_logger - INFO - Successfully fetched RSI for FOSLL: 50.21
2024-10-31 01:10:20,112 - polygon_api_logger - INFO - Successfully fetched RSI for FOSLL: 50.21
2024-10-31 01:10:20,320 - polygon_api_logger - INFO - Successfully fetched MACD for FOSLL: {'macd': -0.06585063494782162, 'signal': -0.04646515680191656, 'histogram': -0.019385478145905057}
2024-10-31 01:10:20,320 - polygon_api_logger - INFO - Successfully fetched MACD for FOSLL: {'macd': -0.06585063494782162, 'signal': -0.04646515680191656, 'histogram': -0.019385478145905057}
2024-10-31 01:10:20,320 - polygon_api_logger - INFO - Successfully fetched MACD for FOSLL: {'macd': -0.06585063494782162, 'signal': -0.04646515680191656, 'histogram': -0.019385478145905057}
2024-10-31 01:10:20,519 - polygon_api_logger - INFO - Successfully fetched latest price for IVCP: 11.06
2024-10-31 01:10:20,519 - polygon_api_logger - INFO - Successfully fetched latest price for IVCP: 11.06
2024-10-31 01:10:20,519 - polygon_api_logger - INFO - Successfully fetched latest price for IVCP: 11.06
2024-10-31 01:10:20,924 - polygon_api_logger - INFO - Successfully fetched RSI for IVCP: 50.34
2024-10-31 01:10:20,924 - polygon_api_logger - INFO - Successfully fetched RSI for IVCP: 50.34
2024-10-31 01:10:20,924 - polygon_api_logger - INFO - Successfully fetched RSI for IVCP: 50.34
2024-10-31 01:10:21,138 - polygon_api_logger - INFO - Successfully fetched MACD for IVCP: {'macd': -0.0022018970011625782, 'signal': 0.00032037628851099026, 'histogram': -0.0025222732896735683}
2024-10-31 01:10:21,138 - polygon_api_logger - INFO - Successfully fetched MACD for IVCP: {'macd': -0.0022018970011625782, 'signal': 0.00032037628851099026, 'histogram': -0.0025222732896735683}
2024-10-31 01:10:21,138 - polygon_api_logger - INFO - Successfully fetched MACD for IVCP: {'macd': -0.0022018970011625782, 'signal': 0.00032037628851099026, 'histogram': -0.0025222732896735683}
2024-10-31 01:10:21,374 - polygon_api_logger - INFO - Successfully fetched latest price for OPINL: 14.1869
2024-10-31 01:10:21,374 - polygon_api_logger - INFO - Successfully fetched latest price for OPINL: 14.1869
2024-10-31 01:10:21,374 - polygon_api_logger - INFO - Successfully fetched latest price for OPINL: 14.1869
2024-10-31 01:10:21,797 - polygon_api_logger - INFO - Successfully fetched RSI for OPINL: 50.76
2024-10-31 01:10:21,797 - polygon_api_logger - INFO - Successfully fetched RSI for OPINL: 50.76
2024-10-31 01:10:21,797 - polygon_api_logger - INFO - Successfully fetched RSI for OPINL: 50.76
2024-10-31 01:10:21,984 - polygon_api_logger - INFO - Successfully fetched MACD for OPINL: {'macd': 0.13983569788939043, 'signal': 0.23888013648598908, 'histogram': -0.09904443859659864}
2024-10-31 01:10:21,984 - polygon_api_logger - INFO - Successfully fetched MACD for OPINL: {'macd': 0.13983569788939043, 'signal': 0.23888013648598908, 'histogram': -0.09904443859659864}
2024-10-31 01:10:21,984 - polygon_api_logger - INFO - Successfully fetched MACD for OPINL: {'macd': 0.13983569788939043, 'signal': 0.23888013648598908, 'histogram': -0.09904443859659864}
2024-10-31 01:10:22,187 - polygon_api_logger - INFO - Successfully fetched latest price for SSSSL: 24.3659
2024-10-31 01:10:22,187 - polygon_api_logger - INFO - Successfully fetched latest price for SSSSL: 24.3659
2024-10-31 01:10:22,187 - polygon_api_logger - INFO - Successfully fetched latest price for SSSSL: 24.3659
2024-10-31 01:10:22,617 - polygon_api_logger - INFO - Successfully fetched RSI for SSSSL: 48.53
2024-10-31 01:10:22,617 - polygon_api_logger - INFO - Successfully fetched RSI for SSSSL: 48.53
2024-10-31 01:10:22,617 - polygon_api_logger - INFO - Successfully fetched RSI for SSSSL: 48.53
2024-10-31 01:10:22,907 - polygon_api_logger - INFO - Successfully fetched MACD for SSSSL: {'macd': -0.06837363642699756, 'signal': -0.0633100576544027, 'histogram': -0.005063578772594862}
2024-10-31 01:10:22,907 - polygon_api_logger - INFO - Successfully fetched MACD for SSSSL: {'macd': -0.06837363642699756, 'signal': -0.0633100576544027, 'histogram': -0.005063578772594862}
2024-10-31 01:10:22,907 - polygon_api_logger - INFO - Successfully fetched MACD for SSSSL: {'macd': -0.06837363642699756, 'signal': -0.0633100576544027, 'histogram': -0.005063578772594862}
2024-10-31 01:10:23,081 - polygon_api_logger - INFO - Successfully fetched latest price for IMPPP: 24.81
2024-10-31 01:10:23,081 - polygon_api_logger - INFO - Successfully fetched latest price for IMPPP: 24.81
2024-10-31 01:10:23,081 - polygon_api_logger - INFO - Successfully fetched latest price for IMPPP: 24.81
2024-10-31 01:10:23,536 - polygon_api_logger - INFO - Successfully fetched RSI for IMPPP: 42.39
2024-10-31 01:10:23,536 - polygon_api_logger - INFO - Successfully fetched RSI for IMPPP: 42.39
2024-10-31 01:10:23,536 - polygon_api_logger - INFO - Successfully fetched RSI for IMPPP: 42.39
2024-10-31 01:10:23,744 - polygon_api_logger - INFO - Successfully fetched MACD for IMPPP: {'macd': -0.059628485766676675, 'signal': -0.027973277657904267, 'histogram': -0.03165520810877241}
2024-10-31 01:10:23,744 - polygon_api_logger - INFO - Successfully fetched MACD for IMPPP: {'macd': -0.059628485766676675, 'signal': -0.027973277657904267, 'histogram': -0.03165520810877241}
2024-10-31 01:10:23,744 - polygon_api_logger - INFO - Successfully fetched MACD for IMPPP: {'macd': -0.059628485766676675, 'signal': -0.027973277657904267, 'histogram': -0.03165520810877241}
2024-10-31 01:10:23,949 - polygon_api_logger - INFO - Successfully fetched latest price for BPYPO: 16.09
2024-10-31 01:10:23,949 - polygon_api_logger - INFO - Successfully fetched latest price for BPYPO: 16.09
2024-10-31 01:10:23,949 - polygon_api_logger - INFO - Successfully fetched latest price for BPYPO: 16.09
2024-10-31 01:10:24,344 - polygon_api_logger - INFO - Successfully fetched RSI for BPYPO: 46.39
2024-10-31 01:10:24,344 - polygon_api_logger - INFO - Successfully fetched RSI for BPYPO: 46.39
2024-10-31 01:10:24,344 - polygon_api_logger - INFO - Successfully fetched RSI for BPYPO: 46.39
2024-10-31 01:10:24,548 - polygon_api_logger - INFO - Successfully fetched MACD for BPYPO: {'macd': 0.1803119870555605, 'signal': 0.3476689409910601, 'histogram': -0.1673569539354996}
2024-10-31 01:10:24,548 - polygon_api_logger - INFO - Successfully fetched MACD for BPYPO: {'macd': 0.1803119870555605, 'signal': 0.3476689409910601, 'histogram': -0.1673569539354996}
2024-10-31 01:10:24,548 - polygon_api_logger - INFO - Successfully fetched MACD for BPYPO: {'macd': 0.1803119870555605, 'signal': 0.3476689409910601, 'histogram': -0.1673569539354996}
2024-10-31 01:10:24,724 - polygon_api_logger - INFO - Successfully fetched latest price for BPYPP: 16.57
2024-10-31 01:10:24,724 - polygon_api_logger - INFO - Successfully fetched latest price for BPYPP: 16.57
2024-10-31 01:10:24,724 - polygon_api_logger - INFO - Successfully fetched latest price for BPYPP: 16.57
2024-10-31 01:10:25,145 - polygon_api_logger - INFO - Successfully fetched RSI for BPYPP: 43.02
2024-10-31 01:10:25,145 - polygon_api_logger - INFO - Successfully fetched RSI for BPYPP: 43.02
2024-10-31 01:10:25,145 - polygon_api_logger - INFO - Successfully fetched RSI for BPYPP: 43.02
2024-10-31 01:10:25,355 - polygon_api_logger - INFO - Successfully fetched MACD for BPYPP: {'macd': 0.11063048276309928, 'signal': 0.2779930828522679, 'histogram': -0.16736260008916864}
2024-10-31 01:10:25,355 - polygon_api_logger - INFO - Successfully fetched MACD for BPYPP: {'macd': 0.11063048276309928, 'signal': 0.2779930828522679, 'histogram': -0.16736260008916864}
2024-10-31 01:10:25,355 - polygon_api_logger - INFO - Successfully fetched MACD for BPYPP: {'macd': 0.11063048276309928, 'signal': 0.2779930828522679, 'histogram': -0.16736260008916864}
2024-10-31 01:10:25,527 - polygon_api_logger - INFO - Successfully fetched latest price for BPYPN: 14.42
2024-10-31 01:10:25,527 - polygon_api_logger - INFO - Successfully fetched latest price for BPYPN: 14.42
2024-10-31 01:10:25,527 - polygon_api_logger - INFO - Successfully fetched latest price for BPYPN: 14.42
2024-10-31 01:10:25,963 - polygon_api_logger - INFO - Successfully fetched RSI for BPYPN: 44.06
2024-10-31 01:10:25,963 - polygon_api_logger - INFO - Successfully fetched RSI for BPYPN: 44.06
2024-10-31 01:10:25,963 - polygon_api_logger - INFO - Successfully fetched RSI for BPYPN: 44.06
2024-10-31 01:10:26,174 - polygon_api_logger - INFO - Successfully fetched MACD for BPYPN: {'macd': 0.09267830834112978, 'signal': 0.22962084135491284, 'histogram': -0.13694253301378306}
2024-10-31 01:10:26,174 - polygon_api_logger - INFO - Successfully fetched MACD for BPYPN: {'macd': 0.09267830834112978, 'signal': 0.22962084135491284, 'histogram': -0.13694253301378306}
2024-10-31 01:10:26,174 - polygon_api_logger - INFO - Successfully fetched MACD for BPYPN: {'macd': 0.09267830834112978, 'signal': 0.22962084135491284, 'histogram': -0.13694253301378306}
2024-10-31 01:10:26,353 - polygon_api_logger - INFO - Successfully fetched latest price for POWWP: 19.15
2024-10-31 01:10:26,353 - polygon_api_logger - INFO - Successfully fetched latest price for POWWP: 19.15
2024-10-31 01:10:26,353 - polygon_api_logger - INFO - Successfully fetched latest price for POWWP: 19.15
2024-10-31 01:10:26,802 - polygon_api_logger - INFO - Successfully fetched RSI for POWWP: 31.23
2024-10-31 01:10:26,802 - polygon_api_logger - INFO - Successfully fetched RSI for POWWP: 31.23
2024-10-31 01:10:26,802 - polygon_api_logger - INFO - Successfully fetched RSI for POWWP: 31.23
2024-10-31 01:10:26,988 - polygon_api_logger - INFO - Successfully fetched MACD for POWWP: {'macd': -1.2285013779093568, 'signal': -0.9764331150918353, 'histogram': -0.2520682628175215}
2024-10-31 01:10:26,988 - polygon_api_logger - INFO - Successfully fetched MACD for POWWP: {'macd': -1.2285013779093568, 'signal': -0.9764331150918353, 'histogram': -0.2520682628175215}
2024-10-31 01:10:26,988 - polygon_api_logger - INFO - Successfully fetched MACD for POWWP: {'macd': -1.2285013779093568, 'signal': -0.9764331150918353, 'histogram': -0.2520682628175215}
2024-10-31 01:10:27,339 - polygon_api_logger - INFO - Successfully fetched latest price for LFMDP: 21.995
2024-10-31 01:10:27,339 - polygon_api_logger - INFO - Successfully fetched latest price for LFMDP: 21.995
2024-10-31 01:10:27,339 - polygon_api_logger - INFO - Successfully fetched latest price for LFMDP: 21.995
2024-10-31 01:10:27,902 - polygon_api_logger - INFO - Successfully fetched RSI for LFMDP: 44.25
2024-10-31 01:10:27,902 - polygon_api_logger - INFO - Successfully fetched RSI for LFMDP: 44.25
2024-10-31 01:10:27,902 - polygon_api_logger - INFO - Successfully fetched RSI for LFMDP: 44.25
2024-10-31 01:10:28,111 - polygon_api_logger - INFO - Successfully fetched MACD for LFMDP: {'macd': -0.018177837713171385, 'signal': 0.013780658088661892, 'histogram': -0.03195849580183328}
2024-10-31 01:10:28,111 - polygon_api_logger - INFO - Successfully fetched MACD for LFMDP: {'macd': -0.018177837713171385, 'signal': 0.013780658088661892, 'histogram': -0.03195849580183328}
2024-10-31 01:10:28,111 - polygon_api_logger - INFO - Successfully fetched MACD for LFMDP: {'macd': -0.018177837713171385, 'signal': 0.013780658088661892, 'histogram': -0.03195849580183328}
2024-10-31 01:10:28,337 - polygon_api_logger - INFO - Successfully fetched latest price for RILYM: 23.9
2024-10-31 01:10:28,337 - polygon_api_logger - INFO - Successfully fetched latest price for RILYM: 23.9
2024-10-31 01:10:28,337 - polygon_api_logger - INFO - Successfully fetched latest price for RILYM: 23.9
2024-10-31 01:10:28,756 - polygon_api_logger - INFO - Successfully fetched RSI for RILYM: 60.36
2024-10-31 01:10:28,756 - polygon_api_logger - INFO - Successfully fetched RSI for RILYM: 60.36
2024-10-31 01:10:28,756 - polygon_api_logger - INFO - Successfully fetched RSI for RILYM: 60.36
2024-10-31 01:10:28,986 - polygon_api_logger - INFO - Successfully fetched MACD for RILYM: {'macd': 0.8476647332143799, 'signal': 0.7166961894241336, 'histogram': 0.13096854379024625}
2024-10-31 01:10:28,986 - polygon_api_logger - INFO - Successfully fetched MACD for RILYM: {'macd': 0.8476647332143799, 'signal': 0.7166961894241336, 'histogram': 0.13096854379024625}
2024-10-31 01:10:28,986 - polygon_api_logger - INFO - Successfully fetched MACD for RILYM: {'macd': 0.8476647332143799, 'signal': 0.7166961894241336, 'histogram': 0.13096854379024625}
2024-10-31 01:10:29,192 - polygon_api_logger - INFO - Successfully fetched latest price for RILYK: 18.93
2024-10-31 01:10:29,192 - polygon_api_logger - INFO - Successfully fetched latest price for RILYK: 18.93
2024-10-31 01:10:29,192 - polygon_api_logger - INFO - Successfully fetched latest price for RILYK: 18.93
2024-10-31 01:10:29,636 - polygon_api_logger - INFO - Successfully fetched RSI for RILYK: 64.75
2024-10-31 01:10:29,636 - polygon_api_logger - INFO - Successfully fetched RSI for RILYK: 64.75
2024-10-31 01:10:29,636 - polygon_api_logger - INFO - Successfully fetched RSI for RILYK: 64.75
2024-10-31 01:10:29,821 - polygon_api_logger - INFO - Successfully fetched MACD for RILYK: {'macd': 0.43566623280199224, 'signal': 0.2282639104553908, 'histogram': 0.20740232234660144}
2024-10-31 01:10:29,821 - polygon_api_logger - INFO - Successfully fetched MACD for RILYK: {'macd': 0.43566623280199224, 'signal': 0.2282639104553908, 'histogram': 0.20740232234660144}
2024-10-31 01:10:29,821 - polygon_api_logger - INFO - Successfully fetched MACD for RILYK: {'macd': 0.43566623280199224, 'signal': 0.2282639104553908, 'histogram': 0.20740232234660144}
